2026-02-22 20:24:19.286 [INFO ] [main] BaseTest - ===== Starting Test: unknown =====
2026-02-22 20:24:22.210 [INFO ] [main] BaseTest - ===== Completed Test: unknown =====

2026-02-22 20:24:22.219 [ERROR] [main] BaseTestWatcher - ❌ Test failed: Verify customer without account cannot reach account page
org.openqa.selenium.WebDriverException: unknown error: net::ERR_INTERNET_DISCONNECTED
  (Session info: chrome=145.0.7632.109)
Build info: version: '4.15.0', revision: '1d14b5521b'
System info: os.name: 'Windows 11', os.arch: 'amd64', os.version: '10.0', java.version: '23.0.2'
Driver info: org.openqa.selenium.chrome.ChromeDriver
Command: [3426f15a645629ad7dd6bc1f6a1c7d18, get {url=https://www.globalsqa.com/angularJs-protractor/BankingProject/}]
Capabilities {acceptInsecureCerts: false, browserName: chrome, browserVersion: 145.0.7632.109, chrome: {chromedriverVersion: 145.0.7632.77 (da516187054a..., userDataDir: C:\Users\samue\AppData\Loca...}, fedcm:accounts: true, goog:chromeOptions: {debuggerAddress: localhost:59112}, goog:processID: 3620, networkConnectionEnabled: false, pageLoadStrategy: normal, platformName: windows, proxy: Proxy(), se:cdp: ws://localhost:59112/devtoo..., se:cdpVersion: 145.0.7632.109, setWindowRect: true, strictFileInteractability: false, timeouts: {implicit: 0, pageLoad: 300000, script: 30000}, unhandledPromptBehavior: dismiss and notify, webauthn:extension:credBlob: true, webauthn:extension:largeBlob: true, webauthn:extension:minPinLength: true, webauthn:extension:prf: true, webauthn:virtualAuthenticators: true}
Session ID: 3426f15a645629ad7dd6bc1f6a1c7d18
	at java.base/jdk.internal.reflect.DirectConstructorHandleAccessor.newInstance(DirectConstructorHandleAccessor.java:62) ~[?:?]
	at java.base/java.lang.reflect.Constructor.newInstanceWithCaller(Constructor.java:501) ~[?:?]
	at java.base/java.lang.reflect.Constructor.newInstance(Constructor.java:485) ~[?:?]
	at org.openqa.selenium.remote.codec.w3c.W3CHttpResponseCodec.createException(W3CHttpResponseCodec.java:200) ~[selenium-remote-driver-4.15.0.jar:?]
	at org.openqa.selenium.remote.codec.w3c.W3CHttpResponseCodec.decode(W3CHttpResponseCodec.java:133) ~[selenium-remote-driver-4.15.0.jar:?]
	at org.openqa.selenium.remote.codec.w3c.W3CHttpResponseCodec.decode(W3CHttpResponseCodec.java:52) ~[selenium-remote-driver-4.15.0.jar:?]
	at org.openqa.selenium.remote.HttpCommandExecutor.execute(HttpCommandExecutor.java:191) ~[selenium-remote-driver-4.15.0.jar:?]
	at org.openqa.selenium.remote.service.DriverCommandExecutor.invokeExecute(DriverCommandExecutor.java:200) ~[selenium-remote-driver-4.15.0.jar:?]
	at org.openqa.selenium.remote.service.DriverCommandExecutor.execute(DriverCommandExecutor.java:175) ~[selenium-remote-driver-4.15.0.jar:?]
	at org.openqa.selenium.remote.RemoteWebDriver.execute(RemoteWebDriver.java:607) ~[selenium-remote-driver-4.15.0.jar:?]
	at org.openqa.selenium.remote.RemoteWebDriver.get(RemoteWebDriver.java:309) ~[selenium-remote-driver-4.15.0.jar:?]
	at org.openqa.selenium.remote.RemoteWebDriver$RemoteNavigation.to(RemoteWebDriver.java:1152) ~[selenium-remote-driver-4.15.0.jar:?]
	at org.example.base.BaseTest.setUp(BaseTest.java:43) ~[test-classes/:?]
	at java.base/jdk.internal.reflect.DirectMethodHandleAccessor.invoke(DirectMethodHandleAccessor.java:103) ~[?:?]
	at java.base/java.lang.reflect.Method.invoke(Method.java:580) ~[?:?]
	at org.junit.platform.commons.util.ReflectionUtils.invokeMethod(ReflectionUtils.java:728) ~[junit-platform-commons-1.10.0.jar:1.10.0]
	at org.junit.jupiter.engine.execution.MethodInvocation.proceed(MethodInvocation.java:60) ~[junit-jupiter-engine-5.10.0.jar:5.10.0]
	at org.junit.jupiter.engine.execution.InvocationInterceptorChain$ValidatingInvocation.proceed(InvocationInterceptorChain.java:131) ~[junit-jupiter-engine-5.10.0.jar:5.10.0]
	at org.junit.jupiter.engine.extension.TimeoutExtension.intercept(TimeoutExtension.java:156) ~[junit-jupiter-engine-5.10.0.jar:5.10.0]
	at org.junit.jupiter.engine.extension.TimeoutExtension.interceptLifecycleMethod(TimeoutExtension.java:128) ~[junit-jupiter-engine-5.10.0.jar:5.10.0]
	at org.junit.jupiter.engine.extension.TimeoutExtension.interceptBeforeEachMethod(TimeoutExtension.java:78) ~[junit-jupiter-engine-5.10.0.jar:5.10.0]
	at org.junit.jupiter.engine.execution.InterceptingExecutableInvoker$ReflectiveInterceptorCall.lambda$ofVoidMethod$0(InterceptingExecutableInvoker.java:103) ~[junit-jupiter-engine-5.10.0.jar:5.10.0]
	at org.junit.jupiter.engine.execution.InterceptingExecutableInvoker.lambda$invoke$0(InterceptingExecutableInvoker.java:93) ~[junit-jupiter-engine-5.10.0.jar:5.10.0]
	at org.junit.jupiter.engine.execution.InvocationInterceptorChain$InterceptedInvocation.proceed(InvocationInterceptorChain.java:106) ~[junit-jupiter-engine-5.10.0.jar:5.10.0]
	at org.junit.jupiter.engine.execution.InvocationInterceptorChain.proceed(InvocationInterceptorChain.java:64) ~[junit-jupiter-engine-5.10.0.jar:5.10.0]
	at org.junit.jupiter.engine.execution.InvocationInterceptorChain.chainAndInvoke(InvocationInterceptorChain.java:45) ~[junit-jupiter-engine-5.10.0.jar:5.10.0]
	at org.junit.jupiter.engine.execution.InvocationInterceptorChain.invoke(InvocationInterceptorChain.java:37) ~[junit-jupiter-engine-5.10.0.jar:5.10.0]
	at org.junit.jupiter.engine.execution.InterceptingExecutableInvoker.invoke(InterceptingExecutableInvoker.java:92) ~[junit-jupiter-engine-5.10.0.jar:5.10.0]
	at org.junit.jupiter.engine.execution.InterceptingExecutableInvoker.invoke(InterceptingExecutableInvoker.java:86) ~[junit-jupiter-engine-5.10.0.jar:5.10.0]
	at org.junit.jupiter.engine.descriptor.ClassBasedTestDescriptor.invokeMethodInExtensionContext(ClassBasedTestDescriptor.java:521) ~[junit-jupiter-engine-5.10.0.jar:5.10.0]
	at org.junit.jupiter.engine.descriptor.ClassBasedTestDescriptor.lambda$synthesizeBeforeEachMethodAdapter$23(ClassBasedTestDescriptor.java:506) ~[junit-jupiter-engine-5.10.0.jar:5.10.0]
	at org.junit.jupiter.engine.descriptor.TestMethodTestDescriptor.lambda$invokeBeforeEachMethods$3(TestMethodTestDescriptor.java:175) ~[junit-jupiter-engine-5.10.0.jar:5.10.0]
	at org.junit.jupiter.engine.descriptor.TestMethodTestDescriptor.lambda$invokeBeforeMethodsOrCallbacksUntilExceptionOccurs$6(TestMethodTestDescriptor.java:203) ~[junit-jupiter-engine-5.10.0.jar:5.10.0]
	at org.junit.platform.engine.support.hierarchical.ThrowableCollector.execute(ThrowableCollector.java:73) ~[junit-platform-engine-1.10.0.jar:1.10.0]
	at org.junit.jupiter.engine.descriptor.TestMethodTestDescriptor.invokeBeforeMethodsOrCallbacksUntilExceptionOccurs(TestMethodTestDescriptor.java:203) ~[junit-jupiter-engine-5.10.0.jar:5.10.0]
	at org.junit.jupiter.engine.descriptor.TestMethodTestDescriptor.invokeBeforeEachMethods(TestMethodTestDescriptor.java:172) ~[junit-jupiter-engine-5.10.0.jar:5.10.0]
	at org.junit.jupiter.engine.descriptor.TestMethodTestDescriptor.execute(TestMethodTestDescriptor.java:135) ~[junit-jupiter-engine-5.10.0.jar:5.10.0]
	at org.junit.jupiter.engine.descriptor.TestMethodTestDescriptor.execute(TestMethodTestDescriptor.java:69) ~[junit-jupiter-engine-5.10.0.jar:5.10.0]
	at org.junit.platform.engine.support.hierarchical.NodeTestTask.lambda$executeRecursively$6(NodeTestTask.java:151) ~[junit-platform-engine-1.10.0.jar:1.10.0]
	at org.junit.platform.engine.support.hierarchical.ThrowableCollector.execute(ThrowableCollector.java:73) ~[junit-platform-engine-1.10.0.jar:1.10.0]
	at org.junit.platform.engine.support.hierarchical.NodeTestTask.lambda$executeRecursively$8(NodeTestTask.java:141) ~[junit-platform-engine-1.10.0.jar:1.10.0]
	at org.junit.platform.engine.support.hierarchical.Node.around(Node.java:137) ~[junit-platform-engine-1.10.0.jar:1.10.0]
	at org.junit.platform.engine.support.hierarchical.NodeTestTask.lambda$executeRecursively$9(NodeTestTask.java:139) ~[junit-platform-engine-1.10.0.jar:1.10.0]
	at org.junit.platform.engine.support.hierarchical.ThrowableCollector.execute(ThrowableCollector.java:73) ~[junit-platform-engine-1.10.0.jar:1.10.0]
	at org.junit.platform.engine.support.hierarchical.NodeTestTask.executeRecursively(NodeTestTask.java:138) ~[junit-platform-engine-1.10.0.jar:1.10.0]
	at org.junit.platform.engine.support.hierarchical.NodeTestTask.execute(NodeTestTask.java:95) ~[junit-platform-engine-1.10.0.jar:1.10.0]
	at java.base/java.util.ArrayList.forEach(ArrayList.java:1597) ~[?:?]
	at org.junit.platform.engine.support.hierarchical.SameThreadHierarchicalTestExecutorService.invokeAll(SameThreadHierarchicalTestExecutorService.java:41) ~[junit-platform-engine-1.10.0.jar:1.10.0]
	at org.junit.platform.engine.support.hierarchical.NodeTestTask.lambda$executeRecursively$6(NodeTestTask.java:155) ~[junit-platform-engine-1.10.0.jar:1.10.0]
	at org.junit.platform.engine.support.hierarchical.ThrowableCollector.execute(ThrowableCollector.java:73) ~[junit-platform-engine-1.10.0.jar:1.10.0]
	at org.junit.platform.engine.support.hierarchical.NodeTestTask.lambda$executeRecursively$8(NodeTestTask.java:141) ~[junit-platform-engine-1.10.0.jar:1.10.0]
	at org.junit.platform.engine.support.hierarchical.Node.around(Node.java:137) ~[junit-platform-engine-1.10.0.jar:1.10.0]
	at org.junit.platform.engine.support.hierarchical.NodeTestTask.lambda$executeRecursively$9(NodeTestTask.java:139) ~[junit-platform-engine-1.10.0.jar:1.10.0]
	at org.junit.platform.engine.support.hierarchical.ThrowableCollector.execute(ThrowableCollector.java:73) ~[junit-platform-engine-1.10.0.jar:1.10.0]
	at org.junit.platform.engine.support.hierarchical.NodeTestTask.executeRecursively(NodeTestTask.java:138) ~[junit-platform-engine-1.10.0.jar:1.10.0]
	at org.junit.platform.engine.support.hierarchical.NodeTestTask.execute(NodeTestTask.java:95) ~[junit-platform-engine-1.10.0.jar:1.10.0]
	at java.base/java.util.ArrayList.forEach(ArrayList.java:1597) ~[?:?]
	at org.junit.platform.engine.support.hierarchical.SameThreadHierarchicalTestExecutorService.invokeAll(SameThreadHierarchicalTestExecutorService.java:41) ~[junit-platform-engine-1.10.0.jar:1.10.0]
	at org.junit.platform.engine.support.hierarchical.NodeTestTask.lambda$executeRecursively$6(NodeTestTask.java:155) ~[junit-platform-engine-1.10.0.jar:1.10.0]
	at org.junit.platform.engine.support.hierarchical.ThrowableCollector.execute(ThrowableCollector.java:73) ~[junit-platform-engine-1.10.0.jar:1.10.0]
	at org.junit.platform.engine.support.hierarchical.NodeTestTask.lambda$executeRecursively$8(NodeTestTask.java:141) ~[junit-platform-engine-1.10.0.jar:1.10.0]
	at org.junit.platform.engine.support.hierarchical.Node.around(Node.java:137) ~[junit-platform-engine-1.10.0.jar:1.10.0]
	at org.junit.platform.engine.support.hierarchical.NodeTestTask.lambda$executeRecursively$9(NodeTestTask.java:139) ~[junit-platform-engine-1.10.0.jar:1.10.0]
	at org.junit.platform.engine.support.hierarchical.ThrowableCollector.execute(ThrowableCollector.java:73) ~[junit-platform-engine-1.10.0.jar:1.10.0]
	at org.junit.platform.engine.support.hierarchical.NodeTestTask.executeRecursively(NodeTestTask.java:138) ~[junit-platform-engine-1.10.0.jar:1.10.0]
	at org.junit.platform.engine.support.hierarchical.NodeTestTask.execute(NodeTestTask.java:95) ~[junit-platform-engine-1.10.0.jar:1.10.0]
	at java.base/java.util.ArrayList.forEach(ArrayList.java:1597) ~[?:?]
	at org.junit.platform.engine.support.hierarchical.SameThreadHierarchicalTestExecutorService.invokeAll(SameThreadHierarchicalTestExecutorService.java:41) ~[junit-platform-engine-1.10.0.jar:1.10.0]
	at org.junit.platform.engine.support.hierarchical.NodeTestTask.lambda$executeRecursively$6(NodeTestTask.java:155) ~[junit-platform-engine-1.10.0.jar:1.10.0]
	at org.junit.platform.engine.support.hierarchical.ThrowableCollector.execute(ThrowableCollector.java:73) ~[junit-platform-engine-1.10.0.jar:1.10.0]
	at org.junit.platform.engine.support.hierarchical.NodeTestTask.lambda$executeRecursively$8(NodeTestTask.java:141) ~[junit-platform-engine-1.10.0.jar:1.10.0]
	at org.junit.platform.engine.support.hierarchical.Node.around(Node.java:137) ~[junit-platform-engine-1.10.0.jar:1.10.0]
	at org.junit.platform.engine.support.hierarchical.NodeTestTask.lambda$executeRecursively$9(NodeTestTask.java:139) ~[junit-platform-engine-1.10.0.jar:1.10.0]
	at org.junit.platform.engine.support.hierarchical.ThrowableCollector.execute(ThrowableCollector.java:73) ~[junit-platform-engine-1.10.0.jar:1.10.0]
	at org.junit.platform.engine.support.hierarchical.NodeTestTask.executeRecursively(NodeTestTask.java:138) ~[junit-platform-engine-1.10.0.jar:1.10.0]
	at org.junit.platform.engine.support.hierarchical.NodeTestTask.execute(NodeTestTask.java:95) ~[junit-platform-engine-1.10.0.jar:1.10.0]
	at org.junit.platform.engine.support.hierarchical.SameThreadHierarchicalTestExecutorService.submit(SameThreadHierarchicalTestExecutorService.java:35) ~[junit-platform-engine-1.10.0.jar:1.10.0]
	at org.junit.platform.engine.support.hierarchical.HierarchicalTestExecutor.execute(HierarchicalTestExecutor.java:57) ~[junit-platform-engine-1.10.0.jar:1.10.0]
	at org.junit.platform.engine.support.hierarchical.HierarchicalTestEngine.execute(HierarchicalTestEngine.java:54) ~[junit-platform-engine-1.10.0.jar:1.10.0]
	at org.junit.platform.launcher.core.EngineExecutionOrchestrator.execute(EngineExecutionOrchestrator.java:107) ~[junit-platform-launcher-1.8.2.jar:1.8.2]
	at org.junit.platform.launcher.core.EngineExecutionOrchestrator.execute(EngineExecutionOrchestrator.java:88) ~[junit-platform-launcher-1.8.2.jar:1.8.2]
	at org.junit.platform.launcher.core.EngineExecutionOrchestrator.lambda$execute$0(EngineExecutionOrchestrator.java:54) ~[junit-platform-launcher-1.8.2.jar:1.8.2]
	at org.junit.platform.launcher.core.EngineExecutionOrchestrator.withInterceptedStreams(EngineExecutionOrchestrator.java:67) [junit-platform-launcher-1.8.2.jar:1.8.2]
	at org.junit.platform.launcher.core.EngineExecutionOrchestrator.execute(EngineExecutionOrchestrator.java:52) [junit-platform-launcher-1.8.2.jar:1.8.2]
	at org.junit.platform.launcher.core.DefaultLauncher.execute(DefaultLauncher.java:114) [junit-platform-launcher-1.8.2.jar:1.8.2]
	at org.junit.platform.launcher.core.DefaultLauncher.execute(DefaultLauncher.java:86) [junit-platform-launcher-1.8.2.jar:1.8.2]
	at org.junit.platform.launcher.core.DefaultLauncherSession$DelegatingLauncher.execute(DefaultLauncherSession.java:86) [junit-platform-launcher-1.8.2.jar:1.8.2]
	at org.junit.platform.launcher.core.SessionPerRequestLauncher.execute(SessionPerRequestLauncher.java:53) [junit-platform-launcher-1.8.2.jar:1.8.2]
	at com.intellij.junit5.JUnit5IdeaTestRunner.startRunnerWithArgs(JUnit5IdeaTestRunner.java:66) [junit5-rt.jar:?]
	at com.intellij.rt.junit.IdeaTestRunner$Repeater$1.execute(IdeaTestRunner.java:38) [junit-rt.jar:?]
	at com.intellij.rt.execution.junit.TestsRepeater.repeat(TestsRepeater.java:11) [idea_rt.jar:?]
	at com.intellij.rt.junit.IdeaTestRunner$Repeater.startRunnerWithArgs(IdeaTestRunner.java:35) [junit-rt.jar:?]
	at com.intellij.rt.junit.JUnitStarter.prepareStreamsAndStart(JUnitStarter.java:237) [junit-rt.jar:?]
	at com.intellij.rt.junit.JUnitStarter.main(JUnitStarter.java:58) [junit-rt.jar:?]
2026-02-22 20:25:32.068 [INFO ] [main] BaseTest - ===== Starting Test: unknown =====
2026-02-22 20:25:58.936 [INFO ] [main] BaseTest - Navigation to base URL successful
2026-02-22 20:25:59.482 [DEBUG] [main] TestDataGenerator - Generated customer name: Lucius
2026-02-22 20:25:59.487 [DEBUG] [main] TestDataGenerator - Generated postal code: 95695
2026-02-22 20:25:59.520 [DEBUG] [main] TestDataGenerator - Generated customer test data: CustomerTestData{name='Lucius', postalCode='95695'}
2026-02-22 20:25:59.553 [DEBUG] [main] SeleniumUtils - Screenshot directory created/verified: screenshots
2026-02-22 20:26:00.201 [DEBUG] [main] SeleniumUtils - Waiting for element to be clickable: [[ChromeDriver: chrome on windows (eaf10fe0f1c567b439ab40fd161b7a37)] -> xpath: //button[contains(text(),'Bank Manager Login')]]
2026-02-22 20:26:00.644 [DEBUG] [main] SeleniumUtils - Waiting for URL to contain: #/manager
2026-02-22 20:26:01.216 [DEBUG] [main] SeleniumUtils - Waiting for element to be clickable: [[ChromeDriver: chrome on windows (eaf10fe0f1c567b439ab40fd161b7a37)] -> xpath: //button[contains(text(),'Add Customer')]]
2026-02-22 20:26:01.369 [DEBUG] [main] SeleniumUtils - Waiting for URL to contain: #/manager/addCust
2026-02-22 20:26:01.910 [DEBUG] [main] SeleniumUtils - Clearing field and typing: Lucius
2026-02-22 20:26:01.939 [DEBUG] [main] SeleniumUtils - Waiting for element to be visible: [[ChromeDriver: chrome on windows (eaf10fe0f1c567b439ab40fd161b7a37)] -> xpath: //input[@ng-model='fName']]
2026-02-22 20:26:02.251 [DEBUG] [main] SeleniumUtils - Clearing field and typing: Lucius
2026-02-22 20:26:02.293 [DEBUG] [main] SeleniumUtils - Waiting for element to be visible: [[ChromeDriver: chrome on windows (eaf10fe0f1c567b439ab40fd161b7a37)] -> xpath: //input[@ng-model='lName']]
2026-02-22 20:26:02.526 [DEBUG] [main] SeleniumUtils - Clearing field and typing: 95695
2026-02-22 20:26:02.547 [DEBUG] [main] SeleniumUtils - Waiting for element to be visible: [[ChromeDriver: chrome on windows (eaf10fe0f1c567b439ab40fd161b7a37)] -> xpath: //input[@ng-model='postCd']]
2026-02-22 20:26:02.804 [DEBUG] [main] SeleniumUtils - Waiting for element to be clickable: [[ChromeDriver: chrome on windows (eaf10fe0f1c567b439ab40fd161b7a37)] -> xpath: //form[.//input[@ng-model='postCd']]//button]
2026-02-22 20:26:02.970 [DEBUG] [main] SeleniumUtils - Accepting alert
2026-02-22 20:26:03.036 [DEBUG] [main] SeleniumUtils - Waiting for element to be clickable: [[ChromeDriver: chrome on windows (eaf10fe0f1c567b439ab40fd161b7a37)] -> xpath: //button[contains(text(),'Open Account')]]
2026-02-22 20:26:03.317 [DEBUG] [main] SeleniumUtils - Waiting for URL to contain: #/manager/openAccount
2026-02-22 20:26:03.859 [DEBUG] [main] SeleniumUtils - Waiting for dropdown to contain option: Lucius Lucius
2026-02-22 20:26:04.131 [DEBUG] [main] SeleniumUtils - Waiting for element to be clickable: [[ChromeDriver: chrome on windows (eaf10fe0f1c567b439ab40fd161b7a37)] -> xpath: //select[@id='currency']/preceding::select[1]]
2026-02-22 20:26:04.461 [DEBUG] [main] SeleniumUtils - Waiting for element to be clickable: [[ChromeDriver: chrome on windows (eaf10fe0f1c567b439ab40fd161b7a37)] -> id: currency]
2026-02-22 20:26:04.722 [DEBUG] [main] SeleniumUtils - Waiting for element to be clickable: [[ChromeDriver: chrome on windows (eaf10fe0f1c567b439ab40fd161b7a37)] -> xpath: //button[contains(text(),'Process')]]
2026-02-22 20:26:04.902 [DEBUG] [main] SeleniumUtils - Accepting alert
2026-02-22 20:26:04.960 [DEBUG] [main] SeleniumUtils - Waiting for element to be clickable: [[ChromeDriver: chrome on windows (eaf10fe0f1c567b439ab40fd161b7a37)] -> xpath: //button[contains(text(),'Home')]]
2026-02-22 20:26:05.197 [DEBUG] [main] SeleniumUtils - Waiting for URL to contain: #/login
2026-02-22 20:26:05.214 [DEBUG] [main] TestDataGenerator - Generated customer name: Nelson
2026-02-22 20:26:05.214 [DEBUG] [main] TestDataGenerator - Generated postal code: 61293
2026-02-22 20:26:05.215 [DEBUG] [main] TestDataGenerator - Generated customer test data: CustomerTestData{name='Nelson', postalCode='61293'}
2026-02-22 20:26:05.234 [DEBUG] [main] SeleniumUtils - Waiting for element to be clickable: [[ChromeDriver: chrome on windows (eaf10fe0f1c567b439ab40fd161b7a37)] -> xpath: //button[contains(text(),'Bank Manager Login')]]
2026-02-22 20:26:05.452 [DEBUG] [main] SeleniumUtils - Waiting for URL to contain: #/manager
2026-02-22 20:26:05.493 [DEBUG] [main] SeleniumUtils - Waiting for element to be clickable: [[ChromeDriver: chrome on windows (eaf10fe0f1c567b439ab40fd161b7a37)] -> xpath: //button[contains(text(),'Add Customer')]]
2026-02-22 20:26:05.674 [DEBUG] [main] SeleniumUtils - Waiting for URL to contain: #/manager/addCust
2026-02-22 20:26:05.685 [DEBUG] [main] SeleniumUtils - Clearing field and typing: Nelson
2026-02-22 20:26:05.702 [DEBUG] [main] SeleniumUtils - Waiting for element to be visible: [[ChromeDriver: chrome on windows (eaf10fe0f1c567b439ab40fd161b7a37)] -> xpath: //input[@ng-model='fName']]
2026-02-22 20:26:05.846 [DEBUG] [main] SeleniumUtils - Clearing field and typing: Nelson
2026-02-22 20:26:05.862 [DEBUG] [main] SeleniumUtils - Waiting for element to be visible: [[ChromeDriver: chrome on windows (eaf10fe0f1c567b439ab40fd161b7a37)] -> xpath: //input[@ng-model='lName']]
2026-02-22 20:26:06.073 [DEBUG] [main] SeleniumUtils - Clearing field and typing: 61293
2026-02-22 20:26:06.090 [DEBUG] [main] SeleniumUtils - Waiting for element to be visible: [[ChromeDriver: chrome on windows (eaf10fe0f1c567b439ab40fd161b7a37)] -> xpath: //input[@ng-model='postCd']]
2026-02-22 20:26:06.329 [DEBUG] [main] SeleniumUtils - Waiting for element to be clickable: [[ChromeDriver: chrome on windows (eaf10fe0f1c567b439ab40fd161b7a37)] -> xpath: //form[.//input[@ng-model='postCd']]//button]
2026-02-22 20:26:06.509 [DEBUG] [main] SeleniumUtils - Accepting alert
2026-02-22 20:26:06.564 [DEBUG] [main] SeleniumUtils - Waiting for element to be clickable: [[ChromeDriver: chrome on windows (eaf10fe0f1c567b439ab40fd161b7a37)] -> xpath: //button[contains(text(),'Home')]]
2026-02-22 20:26:06.768 [DEBUG] [main] SeleniumUtils - Waiting for URL to contain: #/login
2026-02-22 20:26:06.818 [DEBUG] [main] SeleniumUtils - Waiting for element to be clickable: [[ChromeDriver: chrome on windows (eaf10fe0f1c567b439ab40fd161b7a37)] -> xpath: //button[contains(text(),'Customer Login')]]
2026-02-22 20:26:07.016 [DEBUG] [main] SeleniumUtils - Waiting for URL to contain: #/customer
2026-02-22 20:26:07.935 [INFO ] [main] BaseTest - ===== Completed Test: unknown =====

2026-02-22 20:26:07.943 [INFO ] [main] BaseTestWatcher - ✅ Test successful: Verify customer without account cannot reach account page
2026-02-22 21:22:04.794 [INFO ] [main] BaseTest - ===== Starting Test: unknown =====
2026-02-22 21:22:11.422 [INFO ] [main] BaseTest - Navigation to base URL successful
2026-02-22 21:22:13.305 [DEBUG] [main] TestDataGenerator - Generated customer name: Chin
2026-02-22 21:22:13.306 [DEBUG] [main] TestDataGenerator - Generated postal code: 74332
2026-02-22 21:22:13.306 [DEBUG] [main] TestDataGenerator - Generated customer test data: CustomerTestData{name='Chin', postalCode='74332'}
2026-02-22 21:22:13.319 [DEBUG] [main] SeleniumUtils - Screenshot directory created/verified: screenshots
2026-02-22 21:22:13.362 [DEBUG] [main] SeleniumUtils - Waiting for element to be clickable: [[ChromeDriver: chrome on windows (b88e05ee8a06668a813ce7439da434bc)] -> xpath: //button[contains(text(),'Bank Manager Login')]]
2026-02-22 21:22:13.625 [DEBUG] [main] SeleniumUtils - Waiting for URL to contain: #/manager
2026-02-22 21:22:14.172 [DEBUG] [main] SeleniumUtils - Waiting for element to be clickable: [[ChromeDriver: chrome on windows (b88e05ee8a06668a813ce7439da434bc)] -> xpath: //button[contains(text(),'Add Customer')]]
2026-02-22 21:22:14.356 [DEBUG] [main] SeleniumUtils - Waiting for URL to contain: #/manager/addCust
2026-02-22 21:22:14.897 [DEBUG] [main] SeleniumUtils - Clearing field and typing: Chin
2026-02-22 21:22:14.925 [DEBUG] [main] SeleniumUtils - Waiting for element to be visible: [[ChromeDriver: chrome on windows (b88e05ee8a06668a813ce7439da434bc)] -> xpath: //input[@ng-model='fName']]
2026-02-22 21:22:15.152 [DEBUG] [main] SeleniumUtils - Clearing field and typing: Chin
2026-02-22 21:22:15.169 [DEBUG] [main] SeleniumUtils - Waiting for element to be visible: [[ChromeDriver: chrome on windows (b88e05ee8a06668a813ce7439da434bc)] -> xpath: //input[@ng-model='lName']]
2026-02-22 21:22:15.382 [DEBUG] [main] SeleniumUtils - Clearing field and typing: 74332
2026-02-22 21:22:15.414 [DEBUG] [main] SeleniumUtils - Waiting for element to be visible: [[ChromeDriver: chrome on windows (b88e05ee8a06668a813ce7439da434bc)] -> xpath: //input[@ng-model='postCd']]
2026-02-22 21:22:15.635 [DEBUG] [main] SeleniumUtils - Waiting for element to be clickable: [[ChromeDriver: chrome on windows (b88e05ee8a06668a813ce7439da434bc)] -> xpath: //form[.//input[@ng-model='postCd']]//button]
2026-02-22 21:22:15.812 [DEBUG] [main] SeleniumUtils - Accepting alert
2026-02-22 21:22:15.881 [DEBUG] [main] SeleniumUtils - Waiting for element to be clickable: [[ChromeDriver: chrome on windows (b88e05ee8a06668a813ce7439da434bc)] -> xpath: //button[contains(text(),'Open Account')]]
2026-02-22 21:22:16.129 [DEBUG] [main] SeleniumUtils - Waiting for URL to contain: #/manager/openAccount
2026-02-22 21:22:16.684 [DEBUG] [main] SeleniumUtils - Waiting for dropdown to contain option: Chin Chin
2026-02-22 21:22:16.905 [DEBUG] [main] SeleniumUtils - Waiting for element to be clickable: [[ChromeDriver: chrome on windows (b88e05ee8a06668a813ce7439da434bc)] -> xpath: //select[@id='currency']/preceding::select[1]]
2026-02-22 21:22:17.096 [DEBUG] [main] SeleniumUtils - Waiting for element to be clickable: [[ChromeDriver: chrome on windows (b88e05ee8a06668a813ce7439da434bc)] -> id: currency]
2026-02-22 21:22:17.371 [DEBUG] [main] SeleniumUtils - Waiting for element to be clickable: [[ChromeDriver: chrome on windows (b88e05ee8a06668a813ce7439da434bc)] -> xpath: //button[contains(text(),'Process')]]
2026-02-22 21:22:17.534 [DEBUG] [main] SeleniumUtils - Accepting alert
2026-02-22 21:22:17.588 [DEBUG] [main] SeleniumUtils - Waiting for element to be clickable: [[ChromeDriver: chrome on windows (b88e05ee8a06668a813ce7439da434bc)] -> xpath: //button[contains(text(),'Home')]]
2026-02-22 21:22:17.916 [DEBUG] [main] SeleniumUtils - Waiting for URL to contain: #/login
2026-02-22 21:22:17.943 [DEBUG] [main] TestDataGenerator - Generated customer name: Raymon
2026-02-22 21:22:17.943 [DEBUG] [main] TestDataGenerator - Generated postal code: 37287
2026-02-22 21:22:17.943 [DEBUG] [main] TestDataGenerator - Generated customer test data: CustomerTestData{name='Raymon', postalCode='37287'}
2026-02-22 21:22:17.962 [DEBUG] [main] SeleniumUtils - Waiting for element to be clickable: [[ChromeDriver: chrome on windows (b88e05ee8a06668a813ce7439da434bc)] -> xpath: //button[contains(text(),'Bank Manager Login')]]
2026-02-22 21:22:18.151 [DEBUG] [main] SeleniumUtils - Waiting for URL to contain: #/manager
2026-02-22 21:22:18.188 [DEBUG] [main] SeleniumUtils - Waiting for element to be clickable: [[ChromeDriver: chrome on windows (b88e05ee8a06668a813ce7439da434bc)] -> xpath: //button[contains(text(),'Add Customer')]]
2026-02-22 21:22:18.446 [DEBUG] [main] SeleniumUtils - Waiting for URL to contain: #/manager/addCust
2026-02-22 21:22:18.476 [DEBUG] [main] SeleniumUtils - Clearing field and typing: Raymon
2026-02-22 21:22:18.492 [DEBUG] [main] SeleniumUtils - Waiting for element to be visible: [[ChromeDriver: chrome on windows (b88e05ee8a06668a813ce7439da434bc)] -> xpath: //input[@ng-model='fName']]
2026-02-22 21:22:18.708 [DEBUG] [main] SeleniumUtils - Clearing field and typing: Raymon
2026-02-22 21:22:18.717 [DEBUG] [main] SeleniumUtils - Waiting for element to be visible: [[ChromeDriver: chrome on windows (b88e05ee8a06668a813ce7439da434bc)] -> xpath: //input[@ng-model='lName']]
2026-02-22 21:22:18.973 [DEBUG] [main] SeleniumUtils - Clearing field and typing: 37287
2026-02-22 21:22:18.992 [DEBUG] [main] SeleniumUtils - Waiting for element to be visible: [[ChromeDriver: chrome on windows (b88e05ee8a06668a813ce7439da434bc)] -> xpath: //input[@ng-model='postCd']]
2026-02-22 21:22:19.173 [DEBUG] [main] SeleniumUtils - Waiting for element to be clickable: [[ChromeDriver: chrome on windows (b88e05ee8a06668a813ce7439da434bc)] -> xpath: //form[.//input[@ng-model='postCd']]//button]
2026-02-22 21:22:19.354 [DEBUG] [main] SeleniumUtils - Accepting alert
2026-02-22 21:22:19.415 [DEBUG] [main] SeleniumUtils - Waiting for element to be clickable: [[ChromeDriver: chrome on windows (b88e05ee8a06668a813ce7439da434bc)] -> xpath: //button[contains(text(),'Home')]]
2026-02-22 21:22:19.636 [DEBUG] [main] SeleniumUtils - Waiting for URL to contain: #/login
2026-02-22 21:22:19.691 [DEBUG] [main] SeleniumUtils - Waiting for element to be clickable: [[ChromeDriver: chrome on windows (b88e05ee8a06668a813ce7439da434bc)] -> xpath: //button[contains(text(),'Customer Login')]]
2026-02-22 21:22:19.873 [DEBUG] [main] SeleniumUtils - Waiting for URL to contain: #/customer
2026-02-22 21:22:20.941 [DEBUG] [main] SeleniumUtils - Waiting for element to be visible: [[ChromeDriver: chrome on windows (b88e05ee8a06668a813ce7439da434bc)] -> id: userSelect]
2026-02-22 21:22:21.178 [DEBUG] [main] SeleniumUtils - Waiting for element to be clickable: [[ChromeDriver: chrome on windows (b88e05ee8a06668a813ce7439da434bc)] -> xpath: //button[normalize-space(text())='Login']]
2026-02-22 21:22:22.491 [INFO ] [main] BaseTest - ===== Completed Test: unknown =====

2026-02-22 21:22:22.501 [INFO ] [main] BaseTestWatcher - ✅ Test successful: Verify customer without account cannot access transactions, deposit, or withdrawal
